<?xml version="1.0" encoding="utf-8"?><testsuites><testsuite errors="0" failures="0" hostname="1998d54e49d5" name="pytest" skipped="0" tests="41" time="4.042" timestamp="2025-11-03T02:57:20.671177"><testcase classname="test.rest.api_test.TestApi" name="test_api_add_decimal_numbers" time="0.060"></testcase><testcase classname="test.rest.api_test.TestApi" name="test_api_add_invalid_parameters" time="0.011"></testcase><testcase classname="test.rest.api_test.TestApi" name="test_api_add_large_numbers" time="0.007"></testcase><testcase classname="test.rest.api_test.TestApi" name="test_api_add_method_not_allowed" time="0.009"></testcase><testcase classname="test.rest.api_test.TestApi" name="test_api_add_response_headers" time="0.010"></testcase><testcase classname="test.rest.api_test.TestApi" name="test_api_add_success" time="0.025"></testcase><testcase classname="test.rest.api_test.TestApi" name="test_api_divide_by_zero" time="0.009"></testcase><testcase classname="test.rest.api_test.TestApi" name="test_api_divide_decimal_numbers" time="0.006"></testcase><testcase classname="test.rest.api_test.TestApi" name="test_api_divide_invalid_parameters" time="0.009"></testcase><testcase classname="test.rest.api_test.TestApi" name="test_api_divide_large_numbers" time="0.005"></testcase><testcase classname="test.rest.api_test.TestApi" name="test_api_divide_method_not_allowed" time="0.010"></testcase><testcase classname="test.rest.api_test.TestApi" name="test_api_divide_response_headers" time="0.007"></testcase><testcase classname="test.rest.api_test.TestApi" name="test_api_divide_success" time="0.019"></testcase><testcase classname="test.rest.api_test.TestApi" name="test_api_log10_invalid_parameters" time="0.008"></testcase><testcase classname="test.rest.api_test.TestApi" name="test_api_log10_invalid_values" time="0.020"></testcase><testcase classname="test.rest.api_test.TestApi" name="test_api_log10_method_not_allowed" time="0.007"></testcase><testcase classname="test.rest.api_test.TestApi" name="test_api_log10_response_headers" time="0.005"></testcase><testcase classname="test.rest.api_test.TestApi" name="test_api_log10_success" time="0.018"></testcase><testcase classname="test.rest.api_test.TestApi" name="test_api_multiply_decimal_numbers" time="0.007"></testcase><testcase classname="test.rest.api_test.TestApi" name="test_api_multiply_invalid_parameters" time="0.009"></testcase><testcase classname="test.rest.api_test.TestApi" name="test_api_multiply_large_numbers" time="0.009"></testcase><testcase classname="test.rest.api_test.TestApi" name="test_api_multiply_method_not_allowed" time="0.006"></testcase><testcase classname="test.rest.api_test.TestApi" name="test_api_multiply_response_headers" time="0.014"></testcase><testcase classname="test.rest.api_test.TestApi" name="test_api_multiply_success" time="0.026"></testcase><testcase classname="test.rest.api_test.TestApi" name="test_api_power_decimal_numbers" time="0.008"></testcase><testcase classname="test.rest.api_test.TestApi" name="test_api_power_invalid_parameters" time="0.006"></testcase><testcase classname="test.rest.api_test.TestApi" name="test_api_power_large_numbers" time="0.007"></testcase><testcase classname="test.rest.api_test.TestApi" name="test_api_power_method_not_allowed" time="0.008"></testcase><testcase classname="test.rest.api_test.TestApi" name="test_api_power_response_headers" time="0.008"></testcase><testcase classname="test.rest.api_test.TestApi" name="test_api_power_success" time="0.019"></testcase><testcase classname="test.rest.api_test.TestApi" name="test_api_sqrt_invalid_parameters" time="0.007"></testcase><testcase classname="test.rest.api_test.TestApi" name="test_api_sqrt_method_not_allowed" time="0.010"></testcase><testcase classname="test.rest.api_test.TestApi" name="test_api_sqrt_negative_number" time="0.007"></testcase><testcase classname="test.rest.api_test.TestApi" name="test_api_sqrt_response_headers" time="0.007"></testcase><testcase classname="test.rest.api_test.TestApi" name="test_api_sqrt_success" time="0.017"></testcase><testcase classname="test.rest.api_test.TestApi" name="test_api_substract_decimal_numbers" time="0.006"></testcase><testcase classname="test.rest.api_test.TestApi" name="test_api_substract_invalid_parameters" time="0.008"></testcase><testcase classname="test.rest.api_test.TestApi" name="test_api_substract_large_numbers" time="0.007"></testcase><testcase classname="test.rest.api_test.TestApi" name="test_api_substract_method_not_allowed" time="0.007"></testcase><testcase classname="test.rest.api_test.TestApi" name="test_api_substract_response_headers" time="0.006"></testcase><testcase classname="test.rest.api_test.TestApi" name="test_api_substract_success" time="0.018"></testcase></testsuite></testsuites>