<?xml version="1.0" encoding="utf-8"?><testsuites><testsuite errors="0" failures="0" hostname="ea6a67169e97" name="pytest" skipped="0" tests="22" time="3.660" timestamp="2025-11-02T21:22:44.567982"><testcase classname="test.unit.calc_test.TestCalculate" name="test_add_method_fails_with_nan_parameter" time="0.021"></testcase><testcase classname="test.unit.calc_test.TestCalculate" name="test_add_method_returns_correct_result" time="0.003"></testcase><testcase classname="test.unit.calc_test.TestCalculate" name="test_divide_method_fails_with_division_by_zero" time="0.003"></testcase><testcase classname="test.unit.calc_test.TestCalculate" name="test_divide_method_fails_with_nan_parameter" time="0.003"></testcase><testcase classname="test.unit.calc_test.TestCalculate" name="test_divide_method_returns_correct_result" time="0.003"></testcase><testcase classname="test.unit.calc_test.TestCalculate" name="test_logarithm_base_10_method_returns_correct_result" time="0.004"></testcase><testcase classname="test.unit.calc_test.TestCalculate" name="test_logarithm_method_fails_with_invalid_numbers" time="0.002"></testcase><testcase classname="test.unit.calc_test.TestCalculate" name="test_logarithm_method_fails_with_nan_parameter" time="0.002"></testcase><testcase classname="test.unit.calc_test.TestCalculate" name="test_multiply_method_fails_with_nan_parameter" time="0.003"></testcase><testcase classname="test.unit.calc_test.TestCalculate" name="test_multiply_method_returns_correct_result" time="0.003"></testcase><testcase classname="test.unit.calc_test.TestCalculate" name="test_power_method_fails_with_nan_parameter" time="0.003"></testcase><testcase classname="test.unit.calc_test.TestCalculate" name="test_power_method_returns_correct_result" time="0.002"></testcase><testcase classname="test.unit.calc_test.TestCalculate" name="test_square_root_method_fails_with_nan_parameter" time="0.003"></testcase><testcase classname="test.unit.calc_test.TestCalculate" name="test_square_root_method_fails_with_negative_number" time="0.004"></testcase><testcase classname="test.unit.calc_test.TestCalculate" name="test_square_root_method_returns_correct_result" time="0.005"></testcase><testcase classname="test.unit.calc_test.TestCalculate" name="test_substract_method_fails_with_nan_parameter" time="0.003"></testcase><testcase classname="test.unit.calc_test.TestCalculate" name="test_substract_method_returns_correct_result" time="0.005"></testcase><testcase classname="test.unit.util_test.TestUtil" name="test_convert_to_number_correct_param" time="0.004"></testcase><testcase classname="test.unit.util_test.TestUtil" name="test_convert_to_number_invalid_type" time="0.003"></testcase><testcase classname="test.unit.util_test.TestUtil" name="test_validate_permissions_different_operations" time="0.002"></testcase><testcase classname="test.unit.util_test.TestUtil" name="test_validate_permissions_failure" time="0.003"></testcase><testcase classname="test.unit.util_test.TestUtil" name="test_validate_permissions_success" time="0.008"></testcase></testsuite></testsuites>